E:\YANDEXDISK\TEST-PARALLEL-PDE\WINDOWS\MATRICES\MATRICES\RELEASE\.NETFRAMEWORK,VERSION=V4.0.ASSEMBLYATTRIBUTES.OBJ
E:\YANDEXDISK\TEST-PARALLEL-PDE\WINDOWS\MATRICES\MATRICES\RELEASE\APP.RES
E:\YANDEXDISK\TEST-PARALLEL-PDE\WINDOWS\MATRICES\MATRICES\RELEASE\ASSEMBLYINFO.OBJ
E:\YandexDisk\test-parallel-pde\windows\matrices\matrices\Release\CL.5344.read.1.tlog
E:\YandexDisk\test-parallel-pde\windows\matrices\matrices\Release\CL.5344.write.1.tlog
E:\YandexDisk\test-parallel-pde\windows\matrices\matrices\Release\CL.5744.read.1.tlog
E:\YandexDisk\test-parallel-pde\windows\matrices\matrices\Release\CL.5744.write.1.tlog
E:\YandexDisk\test-parallel-pde\windows\matrices\matrices\Release\cl.command.1.tlog
E:\YandexDisk\test-parallel-pde\windows\matrices\matrices\Release\CL.read.1.tlog
E:\YandexDisk\test-parallel-pde\windows\matrices\matrices\Release\CL.write.1.tlog
E:\YandexDisk\test-parallel-pde\windows\matrices\matrices\Release\link.command.1.tlog
E:\YandexDisk\test-parallel-pde\windows\matrices\matrices\Release\link.read.1.tlog
E:\YandexDisk\test-parallel-pde\windows\matrices\matrices\Release\link.write.1.tlog
E:\YandexDisk\test-parallel-pde\windows\matrices\matrices\Release\link-cvtres.read.1.tlog
E:\YandexDisk\test-parallel-pde\windows\matrices\matrices\Release\link-cvtres.write.1.tlog
E:\YANDEXDISK\TEST-PARALLEL-PDE\WINDOWS\MATRICES\MATRICES\RELEASE\MATRICES.EXE.INTERMEDIATE.MANIFEST
E:\YANDEXDISK\TEST-PARALLEL-PDE\WINDOWS\MATRICES\MATRICES\RELEASE\MATRICES.OBJ
E:\YANDEXDISK\TEST-PARALLEL-PDE\WINDOWS\MATRICES\MATRICES\RELEASE\MATRICES.PCH
E:\YandexDisk\test-parallel-pde\windows\matrices\matrices\Release\matrices.vcxprojResolveAssemblyReference.cache
E:\YandexDisk\test-parallel-pde\windows\matrices\matrices\Release\matrices.write.1.tlog
E:\YandexDisk\test-parallel-pde\windows\matrices\matrices\Release\mt.command.1.tlog
E:\YandexDisk\test-parallel-pde\windows\matrices\matrices\Release\mt.read.1.tlog
E:\YandexDisk\test-parallel-pde\windows\matrices\matrices\Release\mt.write.1.tlog
E:\YandexDisk\test-parallel-pde\windows\matrices\matrices\Release\rc.command.1.tlog
E:\YandexDisk\test-parallel-pde\windows\matrices\matrices\Release\rc.read.1.tlog
E:\YandexDisk\test-parallel-pde\windows\matrices\matrices\Release\rc.write.1.tlog
E:\YANDEXDISK\TEST-PARALLEL-PDE\WINDOWS\MATRICES\MATRICES\RELEASE\STDAFX.OBJ
E:\YANDEXDISK\TEST-PARALLEL-PDE\WINDOWS\MATRICES\MATRICES\RELEASE\VC100.PDB
E:\YANDEXDISK\TEST-PARALLEL-PDE\WINDOWS\MATRICES\RELEASE\MATRICES.EXE
E:\YANDEXDISK\TEST-PARALLEL-PDE\WINDOWS\MATRICES\RELEASE\MATRICES.PDB
