E:\YANDEXDISK\OPENMP CODE\HELLOWORLD\HELLOOPENMP\DEBUG\HELLOOPENMP.EXE
E:\YANDEXDISK\OPENMP CODE\HELLOWORLD\HELLOOPENMP\DEBUG\HELLOOPENMP.ILK
E:\YANDEXDISK\OPENMP CODE\HELLOWORLD\HELLOOPENMP\DEBUG\HELLOOPENMP.PDB
E:\YandexDisk\OpenMP Code\helloworld\helloopenmp\helloopenmp\Debug\cl.command.1.tlog
E:\YandexDisk\OpenMP Code\helloworld\helloopenmp\helloopenmp\Debug\CL.read.1.tlog
E:\YandexDisk\OpenMP Code\helloworld\helloopenmp\helloopenmp\Debug\CL.write.1.tlog
E:\YANDEXDISK\OPENMP CODE\HELLOWORLD\HELLOOPENMP\HELLOOPENMP\DEBUG\HELLOOPENMP.EXE.EMBED.MANIFEST
E:\YANDEXDISK\OPENMP CODE\HELLOWORLD\HELLOOPENMP\HELLOOPENMP\DEBUG\HELLOOPENMP.EXE.EMBED.MANIFEST.RES
E:\YANDEXDISK\OPENMP CODE\HELLOWORLD\HELLOOPENMP\HELLOOPENMP\DEBUG\HELLOOPENMP.EXE.INTERMEDIATE.MANIFEST
E:\YANDEXDISK\OPENMP CODE\HELLOWORLD\HELLOOPENMP\HELLOOPENMP\DEBUG\HELLOOPENMP.OBJ
E:\YANDEXDISK\OPENMP CODE\HELLOWORLD\HELLOOPENMP\HELLOOPENMP\DEBUG\HELLOOPENMP.PCH
E:\YandexDisk\OpenMP Code\helloworld\helloopenmp\helloopenmp\Debug\helloopenmp_manifest.rc
E:\YandexDisk\OpenMP Code\helloworld\helloopenmp\helloopenmp\Debug\link.3616.read.1.tlog
E:\YandexDisk\OpenMP Code\helloworld\helloopenmp\helloopenmp\Debug\link.3616.write.1.tlog
E:\YandexDisk\OpenMP Code\helloworld\helloopenmp\helloopenmp\Debug\link.3616-cvtres.read.1.tlog
E:\YandexDisk\OpenMP Code\helloworld\helloopenmp\helloopenmp\Debug\link.3616-cvtres.write.1.tlog
E:\YandexDisk\OpenMP Code\helloworld\helloopenmp\helloopenmp\Debug\link.command.1.tlog
E:\YandexDisk\OpenMP Code\helloworld\helloopenmp\helloopenmp\Debug\link.read.1.tlog
E:\YandexDisk\OpenMP Code\helloworld\helloopenmp\helloopenmp\Debug\link.write.1.tlog
E:\YandexDisk\OpenMP Code\helloworld\helloopenmp\helloopenmp\Debug\link-cvtres.read.1.tlog
E:\YandexDisk\OpenMP Code\helloworld\helloopenmp\helloopenmp\Debug\link-cvtres.write.1.tlog
E:\YandexDisk\OpenMP Code\helloworld\helloopenmp\helloopenmp\Debug\mt.command.1.tlog
E:\YandexDisk\OpenMP Code\helloworld\helloopenmp\helloopenmp\Debug\mt.read.1.tlog
E:\YandexDisk\OpenMP Code\helloworld\helloopenmp\helloopenmp\Debug\mt.write.1.tlog
E:\YandexDisk\OpenMP Code\helloworld\helloopenmp\helloopenmp\Debug\rc.command.1.tlog
E:\YandexDisk\OpenMP Code\helloworld\helloopenmp\helloopenmp\Debug\rc.read.1.tlog
E:\YandexDisk\OpenMP Code\helloworld\helloopenmp\helloopenmp\Debug\rc.write.1.tlog
E:\YANDEXDISK\OPENMP CODE\HELLOWORLD\HELLOOPENMP\HELLOOPENMP\DEBUG\STDAFX.OBJ
E:\YandexDisk\OpenMP Code\helloworld\helloopenmp\helloopenmp\Debug\vc100.idb
E:\YANDEXDISK\OPENMP CODE\HELLOWORLD\HELLOOPENMP\HELLOOPENMP\DEBUG\VC100.PDB
