E:\YANDEXDISK\TEST-PARALLEL-PDE\WINDOWS\PARABOL\DEBUG\.NETFRAMEWORK,VERSION=V4.0.ASSEMBLYATTRIBUTES.OBJ
E:\YANDEXDISK\TEST-PARALLEL-PDE\WINDOWS\PARABOL\DEBUG\APP.RES
E:\YANDEXDISK\TEST-PARALLEL-PDE\WINDOWS\PARABOL\DEBUG\ASSEMBLYINFO.OBJ
E:\YandexDisk\test-parallel-pde\windows\parabol\Debug\cl.command.1.tlog
E:\YandexDisk\test-parallel-pde\windows\parabol\Debug\CL.read.1.tlog
E:\YandexDisk\test-parallel-pde\windows\parabol\Debug\CL.write.1.tlog
E:\YandexDisk\test-parallel-pde\windows\parabol\Debug\link.5676.read.1.tlog
E:\YandexDisk\test-parallel-pde\windows\parabol\Debug\link.5676.write.1.tlog
E:\YandexDisk\test-parallel-pde\windows\parabol\Debug\link.5676-cvtres.read.1.tlog
E:\YandexDisk\test-parallel-pde\windows\parabol\Debug\link.5676-cvtres.write.1.tlog
E:\YandexDisk\test-parallel-pde\windows\parabol\Debug\link.5764.read.1.tlog
E:\YandexDisk\test-parallel-pde\windows\parabol\Debug\link.5764.write.1.tlog
E:\YandexDisk\test-parallel-pde\windows\parabol\Debug\link.5764-cvtres.read.1.tlog
E:\YandexDisk\test-parallel-pde\windows\parabol\Debug\link.5764-cvtres.write.1.tlog
E:\YandexDisk\test-parallel-pde\windows\parabol\Debug\link.command.1.tlog
E:\YandexDisk\test-parallel-pde\windows\parabol\Debug\link.read.1.tlog
E:\YandexDisk\test-parallel-pde\windows\parabol\Debug\link.write.1.tlog
E:\YandexDisk\test-parallel-pde\windows\parabol\Debug\mt.command.1.tlog
E:\YandexDisk\test-parallel-pde\windows\parabol\Debug\mt.read.1.tlog
E:\YandexDisk\test-parallel-pde\windows\parabol\Debug\mt.write.1.tlog
E:\YANDEXDISK\TEST-PARALLEL-PDE\WINDOWS\PARABOL\DEBUG\PARABOL.EXE
E:\YANDEXDISK\TEST-PARALLEL-PDE\WINDOWS\PARABOL\DEBUG\PARABOL.EXE.INTERMEDIATE.MANIFEST
E:\YANDEXDISK\TEST-PARALLEL-PDE\WINDOWS\PARABOL\DEBUG\PARABOL.ILK
E:\YANDEXDISK\TEST-PARALLEL-PDE\WINDOWS\PARABOL\DEBUG\PARABOL.OBJ
E:\YANDEXDISK\TEST-PARALLEL-PDE\WINDOWS\PARABOL\DEBUG\PARABOL.PCH
E:\YANDEXDISK\TEST-PARALLEL-PDE\WINDOWS\PARABOL\DEBUG\PARABOL.PDB
E:\YandexDisk\test-parallel-pde\windows\parabol\Debug\parabol.vcxprojResolveAssemblyReference.cache
E:\YandexDisk\test-parallel-pde\windows\parabol\Debug\parabol.write.1.tlog
E:\YandexDisk\test-parallel-pde\windows\parabol\Debug\rc.command.1.tlog
E:\YandexDisk\test-parallel-pde\windows\parabol\Debug\rc.read.1.tlog
E:\YandexDisk\test-parallel-pde\windows\parabol\Debug\rc.write.1.tlog
E:\YANDEXDISK\TEST-PARALLEL-PDE\WINDOWS\PARABOL\DEBUG\STDAFX.OBJ
E:\YANDEXDISK\TEST-PARALLEL-PDE\WINDOWS\PARABOL\DEBUG\VC100.PDB
