Построение начато 09.10.2012 8:16:04.
     1>Проект "E:\YandexDisk\test-parallel-pde\windows\parabol\parabol.vcxproj" в узле 2 (целевые объекты build).
     1>InitializeBuildStatus:
         Создание "Debug\parabol.unsuccessfulbuild", так как было задано "AlwaysCreate".
       GenerateTargetFrameworkMonikerAttribute:
       Целевой объект "GenerateTargetFrameworkMonikerAttribute" пропускается, так как все выходные файлы актуальны по отношению к входным.
       ClCompile:
         Для всех выходных данных обновления не требуется.
         C:\Program Files (x86)\Microsoft Visual Studio 10.0\VC\bin\CL.exe /c /AI"C:\Program Files (x86)\Reference Assemblies\Microsoft\Framework\.NETFramework\v4.0" /Zi /clr /nologo /W3 /WX- /Od /Oy- /D WIN32 /D _DEBUG /D _UNICODE /D UNICODE /EHa /MDd /GS /fp:precise /Zc:wchar_t /Zc:forScope /Yu"StdAfx.h" /Fp"Debug\parabol.pch" /Fo"Debug\\" /Fd"Debug\vc100.pdb" /TP /FU"C:\Program Files (x86)\Reference Assemblies\Microsoft\Framework\.NETFramework\v4.0\System.Core.dll" /FU"C:\Program Files (x86)\Reference Assemblies\Microsoft\Framework\.NETFramework\v4.0\System.Data.dll" /FU"C:\Program Files (x86)\Reference Assemblies\Microsoft\Framework\.NETFramework\v4.0\System.dll" /FU"C:\Program Files (x86)\Reference Assemblies\Microsoft\Framework\.NETFramework\v4.0\System.Xml.dll" /analyze- /errorReport:prompt parabol.cpp /clr:nostdlib 
         parabol.cpp
     1>parabol.cpp(46): warning C4244: инициализация: преобразование "double" в "unsigned int", возможна потеря данных
     1>parabol.cpp(48): warning C4244: инициализация: преобразование "double" в "unsigned int", возможна потеря данных
     1>parabol.cpp(50): warning C4244: инициализация: преобразование "double" в "unsigned int", возможна потеря данных
     1>parabol.cpp(51): warning C4244: инициализация: преобразование "double" в "unsigned int", возможна потеря данных
         Для всех выходных данных обновления не требуется.
       ResourceCompile:
         Для всех выходных данных обновления не требуется.
       Link:
         C:\Program Files (x86)\Microsoft Visual Studio 10.0\VC\bin\link.exe /ERRORREPORT:PROMPT /OUT:"E:\YandexDisk\test-parallel-pde\windows\parabol\Debug\parabol.exe" /INCREMENTAL /NOLOGO /MANIFEST /ManifestFile:"Debug\parabol.exe.intermediate.manifest" /MANIFESTUAC:"level='asInvoker' uiAccess='false'" /DEBUG /PDB:"E:\YandexDisk\test-parallel-pde\windows\parabol\Debug\parabol.pdb" /ASSEMBLYDEBUG /TLBID:1 /DYNAMICBASE /FIXED:NO /NXCOMPAT /MACHINE:X86 Debug\app.res
         Debug\AssemblyInfo.obj
         Debug\parabol.obj
         Debug\stdafx.obj
         "Debug\.NETFramework,Version=v4.0.AssemblyAttributes.obj"
         parabol.vcxproj -> E:\YandexDisk\test-parallel-pde\windows\parabol\Debug\parabol.exe
       Manifest:
         C:\Program Files (x86)\Microsoft SDKs\Windows\v7.0A\bin\mt.exe /nologo /verbose /outputresource:"E:\YandexDisk\test-parallel-pde\windows\parabol\Debug\parabol.exe;#1" /manifest Debug\parabol.exe.intermediate.manifest
       FinalizeBuildStatus:
         Файл "Debug\parabol.unsuccessfulbuild" удаляется.
         Обращение к "Debug\parabol.lastbuildstate".
     1>Построение проекта "E:\YandexDisk\test-parallel-pde\windows\parabol\parabol.vcxproj" завершено (целевые объекты build).

Построение успешно завершено.

Затраченное время: 00:00:01.63
