<?xml version="1.0" encoding="utf-8" ?>
<!-- DO NOT EDIT THIS FILE -->

<log version="1.0" component="tc">
	<msg id="1" display="false" tool="tc">
		<type>2028</type>
		<timestamp>Sun Oct 07 09:56:01 2012</timestamp>
		<severity>2</severity>
		<description>START</description>
	</msg>
	<!-- Successfully loaded the TC Runtime at base address 0x56000000 -->
	<!-- Successfully loaded the TC Analysis Core at base address 0x57000000 -->
	<!-- Successfully loaded the TC Instrumentation Engine at base address 0x55000000 -->
	<!-- This is the instance of interest -->
	<msg id="2" tool="tc">
		<type>2001</type>
		<timestamp>Sun Oct 07 09:56:01 2012</timestamp>
		<severity>2</severity>
		<description>LOAD_MODULE</description>
		<arg>E:\YandexDisk\test-parallel-pde\windows\matrices\Release\matrices.exe</arg>
	</msg>
	<msg id="3" tool="tc">
		<type>2001</type>
		<timestamp>Sun Oct 07 09:56:01 2012</timestamp>
		<severity>2</severity>
		<description>LOAD_MODULE</description>
		<arg>C:\Windows\SYSTEM32\MSCOREE.DLL</arg>
	</msg>
	<msg id="4" tool="tc">
		<type>2001</type>
		<timestamp>Sun Oct 07 09:56:01 2012</timestamp>
		<severity>2</severity>
		<description>LOAD_MODULE</description>
		<arg>C:\Windows\system32\apphelp.dll</arg>
	</msg>
	<msg id="5" tool="tc">
		<type>2001</type>
		<timestamp>Sun Oct 07 09:56:01 2012</timestamp>
		<severity>2</severity>
		<description>LOAD_MODULE</description>
		<arg>C:\Windows\SYSTEM32\KERNEL32.dll</arg>
	</msg>
	<msg id="6" tool="tc">
		<type>2001</type>
		<timestamp>Sun Oct 07 09:56:01 2012</timestamp>
		<severity>2</severity>
		<description>LOAD_MODULE</description>
		<arg>C:\Windows\SYSTEM32\KERNELBASE.dll</arg>
	</msg>
	<msg id="7" tool="tc">
		<type>2001</type>
		<timestamp>Sun Oct 07 09:56:02 2012</timestamp>
		<severity>2</severity>
		<description>LOAD_MODULE</description>
		<arg>C:\Windows\SYSTEM32\ntdll.dll</arg>
	</msg>