Построение начато 23.09.2012 10:44:29.
     1>Проект "E:\YandexDisk\test-parallel-pde\windows\matrices\matrices\matrices.vcxproj" в узле 2 (целевые объекты build).
     1>InitializeBuildStatus:
         Создание "Debug\matrices.unsuccessfulbuild", так как было задано "AlwaysCreate".
       GenerateTargetFrameworkMonikerAttribute:
       Целевой объект "GenerateTargetFrameworkMonikerAttribute" пропускается, так как все выходные файлы актуальны по отношению к входным.
       ClCompile:
         Для всех выходных данных обновления не требуется.
         C:\Program Files (x86)\Microsoft Visual Studio 10.0\VC\bin\CL.exe /c /AI"C:\Program Files (x86)\Reference Assemblies\Microsoft\Framework\.NETFramework\v4.0" /Zi /clr /nologo /W3 /WX- /MP /Od /Oy- /D WIN32 /D _DEBUG /D _UNICODE /D UNICODE /EHa /MDd /GS /fp:precise /fp:except- /Zc:wchar_t /Zc:forScope /GR /openmp /Yu"StdAfx.h" /Fp"Debug\matrices.pch" /Fo"Debug\\" /Fd"Debug\vc100.pdb" /FR"Debug\\" /TP /FU"C:\Program Files (x86)\Reference Assemblies\Microsoft\Framework\.NETFramework\v4.0\System.Core.dll" /FU"C:\Program Files (x86)\Reference Assemblies\Microsoft\Framework\.NETFramework\v4.0\System.Data.dll" /FU"C:\Program Files (x86)\Reference Assemblies\Microsoft\Framework\.NETFramework\v4.0\System.dll" /FU"C:\Program Files (x86)\Reference Assemblies\Microsoft\Framework\.NETFramework\v4.0\System.Xml.dll" /analyze- /errorReport:prompt matrices.cpp /clr:nostdlib 
         matrices.cpp
     1>matrices.cpp(41): warning C4244: аргумент: преобразование "time_t" в "unsigned int", возможна потеря данных
     1>matrices.cpp(98): warning C4258: i: определение из цикла for игнорируется; используется определение из внешней области видимости
                 matrices.cpp(77): пропуск определения "i"
                 matrices.cpp(19): используется определение "i"
     1>matrices.cpp(98): warning C4258: i: определение из цикла for игнорируется; используется определение из внешней области видимости
                 matrices.cpp(77): пропуск определения "i"
                 matrices.cpp(19): используется определение "i"
     1>matrices.cpp(98): warning C4258: i: определение из цикла for игнорируется; используется определение из внешней области видимости
                 matrices.cpp(77): пропуск определения "i"
                 matrices.cpp(19): используется определение "i"
     1>matrices.cpp(99): warning C4258: i: определение из цикла for игнорируется; используется определение из внешней области видимости
                 matrices.cpp(77): пропуск определения "i"
                 matrices.cpp(19): используется определение "i"
     1>matrices.cpp(117): warning C4244: аргумент: преобразование "time_t" в "unsigned int", возможна потеря данных
     1>matrices.cpp(207): warning C4996: 'scanf': This function or variable may be unsafe. Consider using scanf_s instead. To disable deprecation, use _CRT_SECURE_NO_WARNINGS. See online help for details.
                 C:\Program Files (x86)\Microsoft Visual Studio 10.0\VC\include\stdio.h(304): см. объявление "scanf"
     1>matrices.cpp(210): warning C4996: 'scanf': This function or variable may be unsafe. Consider using scanf_s instead. To disable deprecation, use _CRT_SECURE_NO_WARNINGS. See online help for details.
                 C:\Program Files (x86)\Microsoft Visual Studio 10.0\VC\include\stdio.h(304): см. объявление "scanf"
     1>matrices.cpp(214): warning C4996: 'scanf': This function or variable may be unsafe. Consider using scanf_s instead. To disable deprecation, use _CRT_SECURE_NO_WARNINGS. See online help for details.
                 C:\Program Files (x86)\Microsoft Visual Studio 10.0\VC\include\stdio.h(304): см. объявление "scanf"
     1>matrices.cpp(217): warning C4996: 'scanf': This function or variable may be unsafe. Consider using scanf_s instead. To disable deprecation, use _CRT_SECURE_NO_WARNINGS. See online help for details.
                 C:\Program Files (x86)\Microsoft Visual Studio 10.0\VC\include\stdio.h(304): см. объявление "scanf"
     1>matrices.cpp(220): warning C4996: 'scanf': This function or variable may be unsafe. Consider using scanf_s instead. To disable deprecation, use _CRT_SECURE_NO_WARNINGS. See online help for details.
                 C:\Program Files (x86)\Microsoft Visual Studio 10.0\VC\include\stdio.h(304): см. объявление "scanf"
     1>matrices.cpp(223): warning C4996: 'scanf': This function or variable may be unsafe. Consider using scanf_s instead. To disable deprecation, use _CRT_SECURE_NO_WARNINGS. See online help for details.
                 C:\Program Files (x86)\Microsoft Visual Studio 10.0\VC\include\stdio.h(304): см. объявление "scanf"
     1>matrices.cpp(204): warning C4101: parallel_duration: неиспользованная локальная переменная
     1>matrices.cpp(204): warning C4101: linear_duration: неиспользованная локальная переменная
     1>matrices.cpp(204): warning C4101: parallel_seidel_duration: неиспользованная локальная переменная
     1>matrices.cpp(204): warning C4101: linear_siedel_duration: неиспользованная локальная переменная
     1>e:\yandexdisk\test-parallel-pde\windows\matrices\matrices\matrices.cpp(109): warning C4700: использована неинициализированная локальная переменная "k"
         Для всех выходных данных обновления не требуется.
       ResourceCompile:
         Для всех выходных данных обновления не требуется.
       Link:
         C:\Program Files (x86)\Microsoft Visual Studio 10.0\VC\bin\link.exe /ERRORREPORT:PROMPT /OUT:"E:\YandexDisk\test-parallel-pde\windows\matrices\Debug\matrices.exe" /INCREMENTAL /NOLOGO /MANIFEST /ManifestFile:"Debug\matrices.exe.intermediate.manifest" /MANIFESTUAC:"level='asInvoker' uiAccess='false'" /DEBUG /PDB:"E:\YandexDisk\test-parallel-pde\windows\matrices\Debug\matrices.pdb" /MAP:"1" /MAPINFO:EXPORTS /ASSEMBLYDEBUG /TLBID:1 /DYNAMICBASE /FIXED:NO /NXCOMPAT /MACHINE:X86 Debug\app.res
         Debug\AssemblyInfo.obj
         Debug\matrices.obj
         Debug\stdafx.obj
         "Debug\.NETFramework,Version=v4.0.AssemblyAttributes.obj"
         matrices.vcxproj -> E:\YandexDisk\test-parallel-pde\windows\matrices\Debug\matrices.exe
       Manifest:
         C:\Program Files (x86)\Microsoft SDKs\Windows\v7.0A\bin\mt.exe /nologo /verbose /outputresource:"E:\YandexDisk\test-parallel-pde\windows\matrices\Debug\matrices.exe;#1" /manifest Debug\matrices.exe.intermediate.manifest
       BscMake:
         C:\Program Files (x86)\Microsoft Visual Studio 10.0\VC\bin\bscmake.exe /nologo /o"E:\YandexDisk\test-parallel-pde\windows\matrices\Debug\matrices.bsc" Debug\AssemblyInfo.sbr Debug\matrices.sbr Debug\stdafx.sbr "Debug\.NETFramework,Version=v4.0.AssemblyAttributes.sbr"
       FinalizeBuildStatus:
         Файл "Debug\matrices.unsuccessfulbuild" удаляется.
         Обращение к "Debug\matrices.lastbuildstate".
     1>Построение проекта "E:\YandexDisk\test-parallel-pde\windows\matrices\matrices\matrices.vcxproj" завершено (целевые объекты build).

Построение успешно завершено.

Затраченное время: 00:00:03.16
