E:\YANDEXDISK\TEST-PARALLEL-PDE\WINDOWS\MATRICES\DEBUG\MATRICES.BSC
E:\YANDEXDISK\TEST-PARALLEL-PDE\WINDOWS\MATRICES\DEBUG\MATRICES.EXE
E:\YANDEXDISK\TEST-PARALLEL-PDE\WINDOWS\MATRICES\DEBUG\MATRICES.ILK
E:\YANDEXDISK\TEST-PARALLEL-PDE\WINDOWS\MATRICES\DEBUG\MATRICES.PDB
E:\YANDEXDISK\TEST-PARALLEL-PDE\WINDOWS\MATRICES\MATRICES\1
E:\YANDEXDISK\TEST-PARALLEL-PDE\WINDOWS\MATRICES\MATRICES\DEBUG\.NETFRAMEWORK,VERSION=V4.0.ASSEMBLYATTRIBUTES.OBJ
E:\YANDEXDISK\TEST-PARALLEL-PDE\WINDOWS\MATRICES\MATRICES\DEBUG\.NETFRAMEWORK,VERSION=V4.0.ASSEMBLYATTRIBUTES.SBR
E:\YANDEXDISK\TEST-PARALLEL-PDE\WINDOWS\MATRICES\MATRICES\DEBUG\APP.RES
E:\YANDEXDISK\TEST-PARALLEL-PDE\WINDOWS\MATRICES\MATRICES\DEBUG\ASSEMBLYINFO.OBJ
E:\YANDEXDISK\TEST-PARALLEL-PDE\WINDOWS\MATRICES\MATRICES\DEBUG\ASSEMBLYINFO.SBR
E:\YandexDisk\test-parallel-pde\windows\matrices\matrices\Debug\BscMake.command.1.tlog
E:\YandexDisk\test-parallel-pde\windows\matrices\matrices\Debug\bscmake.read.1.tlog
E:\YandexDisk\test-parallel-pde\windows\matrices\matrices\Debug\bscmake.write.1.tlog
E:\YandexDisk\test-parallel-pde\windows\matrices\matrices\Debug\CL.2644.read.1.tlog
E:\YandexDisk\test-parallel-pde\windows\matrices\matrices\Debug\CL.2644.write.1.tlog
E:\YandexDisk\test-parallel-pde\windows\matrices\matrices\Debug\CL.6008.read.1.tlog
E:\YandexDisk\test-parallel-pde\windows\matrices\matrices\Debug\CL.6008.write.1.tlog
E:\YandexDisk\test-parallel-pde\windows\matrices\matrices\Debug\cl.command.1.tlog
E:\YandexDisk\test-parallel-pde\windows\matrices\matrices\Debug\CL.read.1.tlog
E:\YandexDisk\test-parallel-pde\windows\matrices\matrices\Debug\CL.write.1.tlog
E:\YandexDisk\test-parallel-pde\windows\matrices\matrices\Debug\link.3744.read.1.tlog
E:\YandexDisk\test-parallel-pde\windows\matrices\matrices\Debug\link.3744.write.1.tlog
E:\YandexDisk\test-parallel-pde\windows\matrices\matrices\Debug\link.3744-cvtres.read.1.tlog
E:\YandexDisk\test-parallel-pde\windows\matrices\matrices\Debug\link.3744-cvtres.write.1.tlog
E:\YandexDisk\test-parallel-pde\windows\matrices\matrices\Debug\link.84.read.1.tlog
E:\YandexDisk\test-parallel-pde\windows\matrices\matrices\Debug\link.84.write.1.tlog
E:\YandexDisk\test-parallel-pde\windows\matrices\matrices\Debug\link.84-cvtres.read.1.tlog
E:\YandexDisk\test-parallel-pde\windows\matrices\matrices\Debug\link.84-cvtres.write.1.tlog
E:\YandexDisk\test-parallel-pde\windows\matrices\matrices\Debug\link.command.1.tlog
E:\YandexDisk\test-parallel-pde\windows\matrices\matrices\Debug\link.read.1.tlog
E:\YandexDisk\test-parallel-pde\windows\matrices\matrices\Debug\link.write.1.tlog
E:\YANDEXDISK\TEST-PARALLEL-PDE\WINDOWS\MATRICES\MATRICES\DEBUG\MATRICES.EXE.INTERMEDIATE.MANIFEST
E:\YANDEXDISK\TEST-PARALLEL-PDE\WINDOWS\MATRICES\MATRICES\DEBUG\MATRICES.OBJ
E:\YANDEXDISK\TEST-PARALLEL-PDE\WINDOWS\MATRICES\MATRICES\DEBUG\MATRICES.PCH
E:\YANDEXDISK\TEST-PARALLEL-PDE\WINDOWS\MATRICES\MATRICES\DEBUG\MATRICES.SBR
E:\YandexDisk\test-parallel-pde\windows\matrices\matrices\Debug\matrices.write.1.tlog
E:\YandexDisk\test-parallel-pde\windows\matrices\matrices\Debug\mt.command.1.tlog
E:\YandexDisk\test-parallel-pde\windows\matrices\matrices\Debug\mt.read.1.tlog
E:\YandexDisk\test-parallel-pde\windows\matrices\matrices\Debug\mt.write.1.tlog
E:\YandexDisk\test-parallel-pde\windows\matrices\matrices\Debug\rc.command.1.tlog
E:\YandexDisk\test-parallel-pde\windows\matrices\matrices\Debug\rc.read.1.tlog
E:\YandexDisk\test-parallel-pde\windows\matrices\matrices\Debug\rc.write.1.tlog
E:\YANDEXDISK\TEST-PARALLEL-PDE\WINDOWS\MATRICES\MATRICES\DEBUG\STDAFX.OBJ
E:\YANDEXDISK\TEST-PARALLEL-PDE\WINDOWS\MATRICES\MATRICES\DEBUG\STDAFX.SBR
E:\YANDEXDISK\TEST-PARALLEL-PDE\WINDOWS\MATRICES\MATRICES\DEBUG\VC100.PDB
