C:\USERS\Наталья\DOCUMENTS\VISUAL STUDIO 2010\PROJECTS\WAVE\DEBUG\WAVE.EXE
C:\USERS\Наталья\DOCUMENTS\VISUAL STUDIO 2010\PROJECTS\WAVE\DEBUG\WAVE.ILK
C:\USERS\НАТАЛЬЯ\DOCUMENTS\VISUAL STUDIO 2010\PROJECTS\WAVE\DEBUG\WAVE.PDB
C:\USERS\Наталья\DOCUMENTS\VISUAL STUDIO 2010\PROJECTS\WAVE\WAVE\DEBUG\.NETFRAMEWORK,VERSION=V4.0.ASSEMBLYATTRIBUTES.OBJ
C:\USERS\Наталья\DOCUMENTS\VISUAL STUDIO 2010\PROJECTS\WAVE\WAVE\DEBUG\APP.RES
C:\USERS\Наталья\DOCUMENTS\VISUAL STUDIO 2010\PROJECTS\WAVE\WAVE\DEBUG\ASSEMBLYINFO.OBJ
C:\Users\Наталья\documents\visual studio 2010\Projects\wave\wave\Debug\cl.command.1.tlog
C:\Users\Наталья\documents\visual studio 2010\Projects\wave\wave\Debug\CL.read.1.tlog
C:\Users\Наталья\documents\visual studio 2010\Projects\wave\wave\Debug\CL.write.1.tlog
C:\Users\Наталья\documents\visual studio 2010\Projects\wave\wave\Debug\link.4904.read.1.tlog
C:\Users\Наталья\documents\visual studio 2010\Projects\wave\wave\Debug\link.4904.write.1.tlog
C:\Users\Наталья\documents\visual studio 2010\Projects\wave\wave\Debug\link.4904-cvtres.read.1.tlog
C:\Users\Наталья\documents\visual studio 2010\Projects\wave\wave\Debug\link.4904-cvtres.write.1.tlog
C:\Users\Наталья\documents\visual studio 2010\Projects\wave\wave\Debug\link.5028.read.1.tlog
C:\Users\Наталья\documents\visual studio 2010\Projects\wave\wave\Debug\link.5028.write.1.tlog
C:\Users\Наталья\documents\visual studio 2010\Projects\wave\wave\Debug\link.5028-cvtres.read.1.tlog
C:\Users\Наталья\documents\visual studio 2010\Projects\wave\wave\Debug\link.5028-cvtres.write.1.tlog
C:\Users\Наталья\documents\visual studio 2010\Projects\wave\wave\Debug\link.704.read.1.tlog
C:\Users\Наталья\documents\visual studio 2010\Projects\wave\wave\Debug\link.704.write.1.tlog
C:\Users\Наталья\documents\visual studio 2010\Projects\wave\wave\Debug\link.704-cvtres.read.1.tlog
C:\Users\Наталья\documents\visual studio 2010\Projects\wave\wave\Debug\link.704-cvtres.write.1.tlog
C:\Users\Наталья\documents\visual studio 2010\Projects\wave\wave\Debug\link.916.read.1.tlog
C:\Users\Наталья\documents\visual studio 2010\Projects\wave\wave\Debug\link.916.write.1.tlog
C:\Users\Наталья\documents\visual studio 2010\Projects\wave\wave\Debug\link.916-cvtres.read.1.tlog
C:\Users\Наталья\documents\visual studio 2010\Projects\wave\wave\Debug\link.916-cvtres.write.1.tlog
C:\Users\Наталья\documents\visual studio 2010\Projects\wave\wave\Debug\link.command.1.tlog
C:\Users\Наталья\documents\visual studio 2010\Projects\wave\wave\Debug\link.read.1.tlog
C:\Users\Наталья\documents\visual studio 2010\Projects\wave\wave\Debug\link.write.1.tlog
C:\Users\Наталья\documents\visual studio 2010\Projects\wave\wave\Debug\mt.command.1.tlog
C:\Users\Наталья\documents\visual studio 2010\Projects\wave\wave\Debug\mt.read.1.tlog
C:\Users\Наталья\documents\visual studio 2010\Projects\wave\wave\Debug\mt.write.1.tlog
C:\Users\Наталья\documents\visual studio 2010\Projects\wave\wave\Debug\rc.command.1.tlog
C:\Users\Наталья\documents\visual studio 2010\Projects\wave\wave\Debug\rc.read.1.tlog
C:\Users\Наталья\documents\visual studio 2010\Projects\wave\wave\Debug\rc.write.1.tlog
C:\USERS\Наталья\DOCUMENTS\VISUAL STUDIO 2010\PROJECTS\WAVE\WAVE\DEBUG\STDAFX.OBJ
C:\USERS\НАТАЛЬЯ\DOCUMENTS\VISUAL STUDIO 2010\PROJECTS\WAVE\WAVE\DEBUG\VC100.PDB
C:\USERS\Наталья\DOCUMENTS\VISUAL STUDIO 2010\PROJECTS\WAVE\WAVE\DEBUG\WAVE.EXE.INTERMEDIATE.MANIFEST
C:\USERS\Наталья\DOCUMENTS\VISUAL STUDIO 2010\PROJECTS\WAVE\WAVE\DEBUG\WAVE.OBJ
C:\USERS\Наталья\DOCUMENTS\VISUAL STUDIO 2010\PROJECTS\WAVE\WAVE\DEBUG\WAVE.PCH
C:\Users\Наталья\documents\visual studio 2010\Projects\wave\wave\Debug\wave.vcxprojResolveAssemblyReference.cache
C:\Users\Наталья\documents\visual studio 2010\Projects\wave\wave\Debug\wave.write.1.tlog
