Построение начато 12.09.2012 7:22:11.
     1>Проект "C:\Users\Наталья\documents\visual studio 2010\Projects\wave\wave\wave.vcxproj" в узле 2 (целевые объекты build).
     1>InitializeBuildStatus:
         Создание "Debug\wave.unsuccessfulbuild", так как было задано "AlwaysCreate".
       GenerateTargetFrameworkMonikerAttribute:
       Целевой объект "GenerateTargetFrameworkMonikerAttribute" пропускается, так как все выходные файлы актуальны по отношению к входным.
       ClCompile:
         Для всех выходных данных обновления не требуется.
         C:\Program Files (x86)\Microsoft Visual Studio 10.0\VC\bin\CL.exe /c /AI"C:\Program Files (x86)\Reference Assemblies\Microsoft\Framework\.NETFramework\v4.0" /Zi /clr /nologo /W3 /WX- /Od /Oy- /D WIN32 /D _DEBUG /D _UNICODE /D UNICODE /EHa /MDd /GS /fp:precise /Zc:wchar_t /Zc:forScope /GR /openmp /Yu"StdAfx.h" /Fp"Debug\wave.pch" /Fo"Debug\\" /Fd"Debug\vc100.pdb" /TP /FU"C:\Program Files (x86)\Reference Assemblies\Microsoft\Framework\.NETFramework\v4.0\System.Core.dll" /FU"C:\Program Files (x86)\Reference Assemblies\Microsoft\Framework\.NETFramework\v4.0\System.Data.dll" /FU"C:\Program Files (x86)\Reference Assemblies\Microsoft\Framework\.NETFramework\v4.0\System.dll" /FU"C:\Program Files (x86)\Reference Assemblies\Microsoft\Framework\.NETFramework\v4.0\System.Xml.dll" /analyze- /errorReport:prompt wave.cpp /clr:nostdlib 
         wave.cpp
     1>wave.cpp(51): warning C4244: =: преобразование "time_t" в "double", возможна потеря данных
     1>wave.cpp(104): warning C4244: =: преобразование "time_t" в "double", возможна потеря данных
         Для всех выходных данных обновления не требуется.
       ResourceCompile:
         Для всех выходных данных обновления не требуется.
       Link:
         C:\Program Files (x86)\Microsoft Visual Studio 10.0\VC\bin\link.exe /ERRORREPORT:PROMPT /OUT:"C:\Users\Наталья\documents\visual studio 2010\Projects\wave\Debug\wave.exe" /INCREMENTAL /NOLOGO /MANIFEST /ManifestFile:"Debug\wave.exe.intermediate.manifest" /MANIFESTUAC:"level='asInvoker' uiAccess='false'" /DEBUG /PDB:"C:\Users\Наталья\documents\visual studio 2010\Projects\wave\Debug\wave.pdb" /ASSEMBLYDEBUG /TLBID:1 /DYNAMICBASE /FIXED:NO /NXCOMPAT /MACHINE:X86 Debug\app.res
         Debug\AssemblyInfo.obj
         Debug\stdafx.obj
         Debug\wave.obj
         "Debug\.NETFramework,Version=v4.0.AssemblyAttributes.obj"
         wave.vcxproj -> C:\Users\Наталья\documents\visual studio 2010\Projects\wave\Debug\wave.exe
       Manifest:
         C:\Program Files (x86)\Microsoft SDKs\Windows\v7.0A\bin\mt.exe /nologo /verbose /outputresource:"C:\Users\Наталья\documents\visual studio 2010\Projects\wave\Debug\wave.exe;#1" /manifest Debug\wave.exe.intermediate.manifest
       FinalizeBuildStatus:
         Файл "Debug\wave.unsuccessfulbuild" удаляется.
         Обращение к "Debug\wave.lastbuildstate".
     1>Построение проекта "C:\Users\Наталья\documents\visual studio 2010\Projects\wave\wave\wave.vcxproj" завершено (целевые объекты build).

Построение успешно завершено.

Затраченное время: 00:00:00.70
